# JRE version: OpenJDK Runtime Environment (21.0.8) (build 21.0.8+-14196175-b1038.72)
# Java VM: OpenJDK 64-Bit Server VM (21.0.8+-14196175-b1038.72, mixed mode, tiered, compressed oops, compressed class ptrs, g1 gc, windows-amd64)
GC Precious Log:
 CardTable entry size: 512
 Card Set container configuration: InlinePtr #cards 4 size 8 Array Of Cards #cards 32 size 80 Howl #buckets 8 coarsen threshold 7372 Howl Bitmap #cards 1024 size 144 coarsen threshold 921 Card regions per heap region 1 cards per card region 8192
 CPUs: 8 total, 8 available
 Memory: 16039M
 Large Page Support: Disabled
 NUMA Support: Disabled
 Compressed Oops: Enabled (Zero based)
 Heap Region Size: 4M
 Heap Min Capacity: 8M
 Heap Initial Capacity: 252M
 Heap Max Capacity: 8G
 Pre-touch: Disabled
 Parallel Workers: 8
 Concurrent Workers: 2
 Concurrent Refinement Workers: 8
 Periodic GC: Disabled
Heap:
 garbage-first heap   total 143360K, used 86956K [0x0000000600000000, 0x0000000800000000)
  region size 4096K, 3 young (12288K), 1 survivors (4096K)
 Metaspace       used 89625K, committed 91648K, reserved 1179648K
  class space    used 12853K, committed 13824K, reserved 1048576K
GC Heap History (20 events):
Event: 32.392 GC heap before
{Heap before GC invocations=23 (full 0):
 garbage-first heap   total 90112K, used 65857K [0x0000000600000000, 0x0000000800000000)
  region size 4096K, 6 young (24576K), 1 survivors (4096K)
 Metaspace       used 70884K, committed 72640K, reserved 1114112K
  class space    used 10096K, committed 10944K, reserved 1048576K
}
Event: 32.400 GC heap after
{Heap after GC invocations=24 (full 0):
 garbage-first heap   total 110592K, used 57469K [0x0000000600000000, 0x0000000800000000)
  region size 4096K, 1 young (4096K), 1 survivors (4096K)
 Metaspace       used 70884K, committed 72640K, reserved 1114112K
  class space    used 10096K, committed 10944K, reserved 1048576K
}
Event: 33.840 GC heap before
{Heap before GC invocations=25 (full 0):
 garbage-first heap   total 110592K, used 98429K [0x0000000600000000, 0x0000000800000000)
  region size 4096K, 10 young (40960K), 1 survivors (4096K)
 Metaspace       used 74886K, committed 76672K, reserved 1114112K
  class space    used 10656K, committed 11520K, reserved 1048576K
}
Event: 33.847 GC heap after
{Heap after GC invocations=26 (full 0):
 garbage-first heap   total 110592K, used 63361K [0x0000000600000000, 0x0000000800000000)
  region size 4096K, 2 young (8192K), 2 survivors (8192K)
 Metaspace       used 74886K, committed 76672K, reserved 1114112K
  class space    used 10656K, committed 11520K, reserved 1048576K
}
Event: 34.846 GC heap before
{Heap before GC invocations=26 (full 0):
 garbage-first heap   total 110592K, used 87937K [0x0000000600000000, 0x0000000800000000)
  region size 4096K, 8 young (32768K), 2 survivors (8192K)
 Metaspace       used 77720K, committed 79680K, reserved 1179648K
  class space    used 11039K, committed 12032K, reserved 1048576K
}
Event: 34.857 GC heap after
{Heap after GC invocations=27 (full 0):
 garbage-first heap   total 110592K, used 64226K [0x0000000600000000, 0x0000000800000000)
  region size 4096K, 1 young (4096K), 1 survivors (4096K)
 Metaspace       used 77720K, committed 79680K, reserved 1179648K
  class space    used 11039K, committed 12032K, reserved 1048576K
}
Event: 35.738 GC heap before
{Heap before GC invocations=27 (full 0):
 garbage-first heap   total 110592K, used 92898K [0x0000000600000000, 0x0000000800000000)
  region size 4096K, 8 young (32768K), 1 survivors (4096K)
 Metaspace       used 79894K, committed 81792K, reserved 1179648K
  class space    used 11320K, committed 12288K, reserved 1048576K
}
Event: 35.746 GC heap after
{Heap after GC invocations=28 (full 0):
 garbage-first heap   total 110592K, used 65761K [0x0000000600000000, 0x0000000800000000)
  region size 4096K, 1 young (4096K), 1 survivors (4096K)
 Metaspace       used 79894K, committed 81792K, reserved 1179648K
  class space    used 11320K, committed 12288K, reserved 1048576K
}
Event: 36.770 GC heap before
{Heap before GC invocations=29 (full 0):
 garbage-first heap   total 118784K, used 98529K [0x0000000600000000, 0x0000000800000000)
  region size 4096K, 8 young (32768K), 1 survivors (4096K)
 Metaspace       used 81667K, committed 83584K, reserved 1179648K
  class space    used 11599K, committed 12544K, reserved 1048576K
}
Event: 36.776 GC heap after
{Heap after GC invocations=30 (full 0):
 garbage-first heap   total 118784K, used 70892K [0x0000000600000000, 0x0000000800000000)
  region size 4096K, 1 young (4096K), 1 survivors (4096K)
 Metaspace       used 81667K, committed 83584K, reserved 1179648K
  class space    used 11599K, committed 12544K, reserved 1048576K
}
Event: 38.010 GC heap before
{Heap before GC invocations=30 (full 0):
 garbage-first heap   total 118784K, used 103660K [0x0000000600000000, 0x0000000800000000)
  region size 4096K, 9 young (36864K), 1 survivors (4096K)
 Metaspace       used 83611K, committed 85568K, reserved 1179648K
  class space    used 11885K, committed 12864K, reserved 1048576K
}
Event: 38.026 GC heap after
{Heap after GC invocations=31 (full 0):
 garbage-first heap   total 118784K, used 73843K [0x0000000600000000, 0x0000000800000000)
  region size 4096K, 2 young (8192K), 2 survivors (8192K)
 Metaspace       used 83611K, committed 85568K, reserved 1179648K
  class space    used 11885K, committed 12864K, reserved 1048576K
}
Event: 38.888 GC heap before
{Heap before GC invocations=31 (full 0):
 garbage-first heap   total 118784K, used 98419K [0x0000000600000000, 0x0000000800000000)
  region size 4096K, 8 young (32768K), 2 survivors (8192K)
 Metaspace       used 85006K, committed 86976K, reserved 1179648K
  class space    used 12081K, committed 13056K, reserved 1048576K
}
Event: 38.899 GC heap after
{Heap after GC invocations=32 (full 0):
 garbage-first heap   total 118784K, used 75371K [0x0000000600000000, 0x0000000800000000)
  region size 4096K, 1 young (4096K), 1 survivors (4096K)
 Metaspace       used 85006K, committed 86976K, reserved 1179648K
  class space    used 12081K, committed 13056K, reserved 1048576K
}
Event: 39.907 GC heap before
{Heap before GC invocations=33 (full 0):
 garbage-first heap   total 131072K, used 99947K [0x0000000600000000, 0x0000000800000000)
  region size 4096K, 7 young (28672K), 1 survivors (4096K)
 Metaspace       used 86333K, committed 88320K, reserved 1179648K
  class space    used 12278K, committed 13248K, reserved 1048576K
}
Event: 39.920 GC heap after
{Heap after GC invocations=34 (full 0):
 garbage-first heap   total 131072K, used 77680K [0x0000000600000000, 0x0000000800000000)
  region size 4096K, 1 young (4096K), 1 survivors (4096K)
 Metaspace       used 86333K, committed 88320K, reserved 1179648K
  class space    used 12278K, committed 13248K, reserved 1048576K
}
Event: 41.680 GC heap before
{Heap before GC invocations=34 (full 0):
 garbage-first heap   total 131072K, used 110448K [0x0000000600000000, 0x0000000800000000)
  region size 4096K, 9 young (36864K), 1 survivors (4096K)
 Metaspace       used 88129K, committed 90176K, reserved 1179648K
  class space    used 12590K, committed 13568K, reserved 1048576K
}
Event: 41.697 GC heap after
{Heap after GC invocations=35 (full 0):
 garbage-first heap   total 131072K, used 79063K [0x0000000600000000, 0x0000000800000000)
  region size 4096K, 2 young (8192K), 2 survivors (8192K)
 Metaspace       used 88129K, committed 90176K, reserved 1179648K
  class space    used 12590K, committed 13568K, reserved 1048576K
}
Event: 42.926 GC heap before
{Heap before GC invocations=35 (full 0):
 garbage-first heap   total 131072K, used 99543K [0x0000000600000000, 0x0000000800000000)
  region size 4096K, 8 young (32768K), 2 survivors (8192K)
 Metaspace       used 89568K, committed 91584K, reserved 1179648K
  class space    used 12852K, committed 13824K, reserved 1048576K
}
Event: 42.943 GC heap after
{Heap after GC invocations=36 (full 0):
 garbage-first heap   total 131072K, used 82860K [0x0000000600000000, 0x0000000800000000)
  region size 4096K, 1 young (4096K), 1 survivors (4096K)
 Metaspace       used 89568K, committed 91584K, reserved 1179648K
  class space    used 12852K, committed 13824K, reserved 1048576K
}

