# JRE version: OpenJDK Runtime Environment (21.0.8) (build 21.0.8+-14196175-b1038.72)
# Java VM: OpenJDK 64-Bit Server VM (21.0.8+-14196175-b1038.72, mixed mode, tiered, compressed oops, compressed class ptrs, g1 gc, windows-amd64)
GC Precious Log:
 CardTable entry size: 512
 Card Set container configuration: InlinePtr #cards 4 size 8 Array Of Cards #cards 32 size 80 Howl #buckets 8 coarsen threshold 7372 Howl Bitmap #cards 1024 size 144 coarsen threshold 921 Card regions per heap region 1 cards per card region 8192
 CPUs: 8 total, 8 available
 Memory: 16039M
 Large Page Support: Disabled
 NUMA Support: Disabled
 Compressed Oops: Enabled (Zero based)
 Heap Region Size: 4M
 Heap Min Capacity: 8M
 Heap Initial Capacity: 252M
 Heap Max Capacity: 8G
 Pre-touch: Disabled
 Parallel Workers: 8
 Concurrent Workers: 2
 Concurrent Refinement Workers: 8
 Periodic GC: Disabled
Heap:
 garbage-first heap   total 143360K, used 112578K [0x0000000600000000, 0x0000000800000000)
  region size 4096K, 14 young (57344K), 2 survivors (8192K)
 Metaspace       used 94310K, committed 96256K, reserved 1179648K
  class space    used 13499K, committed 14464K, reserved 1048576K
GC Heap History (20 events):
Event: 40.873 GC heap before
{Heap before GC invocations=16 (full 0):
 garbage-first heap   total 98304K, used 75294K [0x0000000600000000, 0x0000000800000000)
  region size 4096K, 10 young (40960K), 2 survivors (8192K)
 Metaspace       used 71381K, committed 72960K, reserved 1114112K
  class space    used 10018K, committed 10752K, reserved 1048576K
}
Event: 40.888 GC heap after
{Heap after GC invocations=17 (full 0):
 garbage-first heap   total 98304K, used 50351K [0x0000000600000000, 0x0000000800000000)
  region size 4096K, 2 young (8192K), 2 survivors (8192K)
 Metaspace       used 71381K, committed 72960K, reserved 1114112K
  class space    used 10018K, committed 10752K, reserved 1048576K
}
Event: 41.975 GC heap before
{Heap before GC invocations=17 (full 0):
 garbage-first heap   total 98304K, used 74927K [0x0000000600000000, 0x0000000800000000)
  region size 4096K, 8 young (32768K), 2 survivors (8192K)
 Metaspace       used 73889K, committed 75648K, reserved 1114112K
  class space    used 10468K, committed 11328K, reserved 1048576K
}
Event: 41.985 GC heap after
{Heap after GC invocations=18 (full 0):
 garbage-first heap   total 98304K, used 52022K [0x0000000600000000, 0x0000000800000000)
  region size 4096K, 1 young (4096K), 1 survivors (4096K)
 Metaspace       used 73889K, committed 75648K, reserved 1114112K
  class space    used 10468K, committed 11328K, reserved 1048576K
}
Event: 43.469 GC heap before
{Heap before GC invocations=19 (full 0):
 garbage-first heap   total 98304K, used 80694K [0x0000000600000000, 0x0000000800000000)
  region size 4096K, 8 young (32768K), 1 survivors (4096K)
 Metaspace       used 76544K, committed 78336K, reserved 1179648K
  class space    used 10847K, committed 11712K, reserved 1048576K
}
Event: 43.475 GC heap after
{Heap after GC invocations=20 (full 0):
 garbage-first heap   total 98304K, used 61037K [0x0000000600000000, 0x0000000800000000)
  region size 4096K, 1 young (4096K), 1 survivors (4096K)
 Metaspace       used 76544K, committed 78336K, reserved 1179648K
  class space    used 10847K, committed 11712K, reserved 1048576K
}
Event: 44.373 GC heap before
{Heap before GC invocations=20 (full 0):
 garbage-first heap   total 98304K, used 85613K [0x0000000600000000, 0x0000000800000000)
  region size 4096K, 7 young (28672K), 1 survivors (4096K)
 Metaspace       used 79151K, committed 80960K, reserved 1179648K
  class space    used 11211K, committed 12096K, reserved 1048576K
}
Event: 44.384 GC heap after
{Heap after GC invocations=21 (full 0):
 garbage-first heap   total 98304K, used 60050K [0x0000000600000000, 0x0000000800000000)
  region size 4096K, 1 young (4096K), 1 survivors (4096K)
 Metaspace       used 79151K, committed 80960K, reserved 1179648K
  class space    used 11211K, committed 12096K, reserved 1048576K
}
Event: 45.524 GC heap before
{Heap before GC invocations=21 (full 0):
 garbage-first heap   total 98304K, used 80530K [0x0000000600000000, 0x0000000800000000)
  region size 4096K, 6 young (24576K), 1 survivors (4096K)
 Metaspace       used 81772K, committed 83584K, reserved 1179648K
  class space    used 11557K, committed 12416K, reserved 1048576K
}
Event: 45.530 GC heap after
{Heap after GC invocations=22 (full 0):
 garbage-first heap   total 98304K, used 61069K [0x0000000600000000, 0x0000000800000000)
  region size 4096K, 1 young (4096K), 1 survivors (4096K)
 Metaspace       used 81772K, committed 83584K, reserved 1179648K
  class space    used 11557K, committed 12416K, reserved 1048576K
}
Event: 46.272 GC heap before
{Heap before GC invocations=23 (full 0):
 garbage-first heap   total 110592K, used 81549K [0x0000000600000000, 0x0000000800000000)
  region size 4096K, 6 young (24576K), 1 survivors (4096K)
 Metaspace       used 83291K, committed 85120K, reserved 1179648K
  class space    used 11767K, committed 12672K, reserved 1048576K
}
Event: 46.279 GC heap after
{Heap after GC invocations=24 (full 0):
 garbage-first heap   total 110592K, used 62213K [0x0000000600000000, 0x0000000800000000)
  region size 4096K, 1 young (4096K), 1 survivors (4096K)
 Metaspace       used 83291K, committed 85120K, reserved 1179648K
  class space    used 11767K, committed 12672K, reserved 1048576K
}
Event: 47.267 GC heap before
{Heap before GC invocations=24 (full 0):
 garbage-first heap   total 110592K, used 99077K [0x0000000600000000, 0x0000000800000000)
  region size 4096K, 9 young (36864K), 1 survivors (4096K)
 Metaspace       used 85467K, committed 87296K, reserved 1179648K
  class space    used 12087K, committed 12992K, reserved 1048576K
}
Event: 47.277 GC heap after
{Heap after GC invocations=25 (full 0):
 garbage-first heap   total 110592K, used 66539K [0x0000000600000000, 0x0000000800000000)
  region size 4096K, 1 young (4096K), 1 survivors (4096K)
 Metaspace       used 85467K, committed 87296K, reserved 1179648K
  class space    used 12087K, committed 12992K, reserved 1048576K
}
Event: 48.355 GC heap before
{Heap before GC invocations=25 (full 0):
 garbage-first heap   total 110592K, used 95211K [0x0000000600000000, 0x0000000800000000)
  region size 4096K, 8 young (32768K), 1 survivors (4096K)
 Metaspace       used 87460K, committed 89344K, reserved 1179648K
  class space    used 12384K, committed 13312K, reserved 1048576K
}
Event: 48.365 GC heap after
{Heap after GC invocations=26 (full 0):
 garbage-first heap   total 110592K, used 68278K [0x0000000600000000, 0x0000000800000000)
  region size 4096K, 1 young (4096K), 1 survivors (4096K)
 Metaspace       used 87460K, committed 89344K, reserved 1179648K
  class space    used 12384K, committed 13312K, reserved 1048576K
}
Event: 49.438 GC heap before
{Heap before GC invocations=27 (full 0):
 garbage-first heap   total 118784K, used 96950K [0x0000000600000000, 0x0000000800000000)
  region size 4096K, 8 young (32768K), 1 survivors (4096K)
 Metaspace       used 88799K, committed 90688K, reserved 1179648K
  class space    used 12578K, committed 13504K, reserved 1048576K
}
Event: 49.449 GC heap after
{Heap after GC invocations=28 (full 0):
 garbage-first heap   total 118784K, used 71166K [0x0000000600000000, 0x0000000800000000)
  region size 4096K, 1 young (4096K), 1 survivors (4096K)
 Metaspace       used 88799K, committed 90688K, reserved 1179648K
  class space    used 12578K, committed 13504K, reserved 1048576K
}
Event: 51.939 GC heap before
{Heap before GC invocations=28 (full 0):
 garbage-first heap   total 118784K, used 103934K [0x0000000600000000, 0x0000000800000000)
  region size 4096K, 9 young (36864K), 1 survivors (4096K)
 Metaspace       used 91254K, committed 93056K, reserved 1179648K
  class space    used 12938K, committed 13824K, reserved 1048576K
}
Event: 51.953 GC heap after
{Heap after GC invocations=29 (full 0):
 garbage-first heap   total 143360K, used 71618K [0x0000000600000000, 0x0000000800000000)
  region size 4096K, 2 young (8192K), 2 survivors (8192K)
 Metaspace       used 91254K, committed 93056K, reserved 1179648K
  class space    used 12938K, committed 13824K, reserved 1048576K
}

