# JRE version: OpenJDK Runtime Environment (21.0.8) (build 21.0.8+-14196175-b1038.72)
# Java VM: OpenJDK 64-Bit Server VM (21.0.8+-14196175-b1038.72, mixed mode, tiered, compressed oops, compressed class ptrs, g1 gc, windows-amd64)
GC Precious Log:
 CardTable entry size: 512
 Card Set container configuration: InlinePtr #cards 4 size 8 Array Of Cards #cards 32 size 80 Howl #buckets 8 coarsen threshold 7372 Howl Bitmap #cards 1024 size 144 coarsen threshold 921 Card regions per heap region 1 cards per card region 8192
 CPUs: 8 total, 8 available
 Memory: 16039M
 Large Page Support: Disabled
 NUMA Support: Disabled
 Compressed Oops: Enabled (Zero based)
 Heap Region Size: 4M
 Heap Min Capacity: 8M
 Heap Initial Capacity: 252M
 Heap Max Capacity: 8G
 Pre-touch: Disabled
 Parallel Workers: 8
 Concurrent Workers: 2
 Concurrent Refinement Workers: 8
 Periodic GC: Disabled
Heap:
 garbage-first heap   total 319488K, used 205390K [0x0000000600000000, 0x0000000800000000)
  region size 4096K, 5 young (20480K), 2 survivors (8192K)
 Metaspace       used 125308K, committed 127808K, reserved 1179648K
  class space    used 17803K, committed 19008K, reserved 1048576K
GC Heap History (20 events):
Event: 63.797 GC heap before
{Heap before GC invocations=53 (full 0):
 garbage-first heap   total 221184K, used 165376K [0x0000000600000000, 0x0000000800000000)
  region size 4096K, 13 young (53248K), 2 survivors (8192K)
 Metaspace       used 120813K, committed 123072K, reserved 1179648K
  class space    used 17150K, committed 18304K, reserved 1048576K
}
Event: 63.807 GC heap after
{Heap after GC invocations=54 (full 0):
 garbage-first heap   total 221184K, used 133198K [0x0000000600000000, 0x0000000800000000)
  region size 4096K, 2 young (8192K), 2 survivors (8192K)
 Metaspace       used 120813K, committed 123072K, reserved 1179648K
  class space    used 17150K, committed 18304K, reserved 1048576K
}
Event: 65.018 GC heap before
{Heap before GC invocations=54 (full 0):
 garbage-first heap   total 221184K, used 194638K [0x0000000600000000, 0x0000000800000000)
  region size 4096K, 17 young (69632K), 2 survivors (8192K)
 Metaspace       used 121883K, committed 124160K, reserved 1179648K
  class space    used 17335K, committed 18496K, reserved 1048576K
}
Event: 65.031 GC heap after
{Heap after GC invocations=55 (full 0):
 garbage-first heap   total 266240K, used 139314K [0x0000000600000000, 0x0000000800000000)
  region size 4096K, 2 young (8192K), 2 survivors (8192K)
 Metaspace       used 121883K, committed 124160K, reserved 1179648K
  class space    used 17335K, committed 18496K, reserved 1048576K
}
Event: 65.679 GC heap before
{Heap before GC invocations=55 (full 0):
 garbage-first heap   total 266240K, used 229426K [0x0000000600000000, 0x0000000800000000)
  region size 4096K, 25 young (102400K), 2 survivors (8192K)
 Metaspace       used 121884K, committed 124160K, reserved 1179648K
  class space    used 17335K, committed 18496K, reserved 1048576K
}
Event: 65.689 GC heap after
{Heap after GC invocations=56 (full 0):
 garbage-first heap   total 266240K, used 141123K [0x0000000600000000, 0x0000000800000000)
  region size 4096K, 3 young (12288K), 3 survivors (12288K)
 Metaspace       used 121884K, committed 124160K, reserved 1179648K
  class space    used 17335K, committed 18496K, reserved 1048576K
}
Event: 67.208 GC heap before
{Heap before GC invocations=56 (full 0):
 garbage-first heap   total 266240K, used 227139K [0x0000000600000000, 0x0000000800000000)
  region size 4096K, 25 young (102400K), 3 survivors (12288K)
 Metaspace       used 122144K, committed 124416K, reserved 1179648K
  class space    used 17356K, committed 18496K, reserved 1048576K
}
Event: 67.225 GC heap after
{Heap after GC invocations=57 (full 0):
 garbage-first heap   total 266240K, used 151294K [0x0000000600000000, 0x0000000800000000)
  region size 4096K, 4 young (16384K), 4 survivors (16384K)
 Metaspace       used 122144K, committed 124416K, reserved 1179648K
  class space    used 17356K, committed 18496K, reserved 1048576K
}
Event: 68.278 GC heap before
{Heap before GC invocations=57 (full 0):
 garbage-first heap   total 266240K, used 233214K [0x0000000600000000, 0x0000000800000000)
  region size 4096K, 24 young (98304K), 4 survivors (16384K)
 Metaspace       used 122178K, committed 124416K, reserved 1179648K
  class space    used 17361K, committed 18496K, reserved 1048576K
}
Event: 68.294 GC heap after
{Heap after GC invocations=58 (full 0):
 garbage-first heap   total 266240K, used 156315K [0x0000000600000000, 0x0000000800000000)
  region size 4096K, 2 young (8192K), 2 survivors (8192K)
 Metaspace       used 122178K, committed 124416K, reserved 1179648K
  class space    used 17361K, committed 18496K, reserved 1048576K
}
Event: 69.923 GC heap before
{Heap before GC invocations=59 (full 0):
 garbage-first heap   total 266240K, used 234139K [0x0000000600000000, 0x0000000800000000)
  region size 4096K, 22 young (90112K), 2 survivors (8192K)
 Metaspace       used 122545K, committed 124928K, reserved 1179648K
  class space    used 17402K, committed 18560K, reserved 1048576K
}
Event: 69.936 GC heap after
{Heap after GC invocations=60 (full 0):
 garbage-first heap   total 266240K, used 167248K [0x0000000600000000, 0x0000000800000000)
  region size 4096K, 3 young (12288K), 3 survivors (12288K)
 Metaspace       used 122545K, committed 124928K, reserved 1179648K
  class space    used 17402K, committed 18560K, reserved 1048576K
}
Event: 70.461 GC heap before
{Heap before GC invocations=60 (full 0):
 garbage-first heap   total 266240K, used 236880K [0x0000000600000000, 0x0000000800000000)
  region size 4096K, 20 young (81920K), 3 survivors (12288K)
 Metaspace       used 122545K, committed 124928K, reserved 1179648K
  class space    used 17402K, committed 18560K, reserved 1048576K
}
Event: 70.476 GC heap after
{Heap after GC invocations=61 (full 0):
 garbage-first heap   total 319488K, used 168955K [0x0000000600000000, 0x0000000800000000)
  region size 4096K, 1 young (4096K), 1 survivors (4096K)
 Metaspace       used 122545K, committed 124928K, reserved 1179648K
  class space    used 17402K, committed 18560K, reserved 1048576K
}
Event: 71.964 GC heap before
{Heap before GC invocations=61 (full 0):
 garbage-first heap   total 319488K, used 279547K [0x0000000600000000, 0x0000000800000000)
  region size 4096K, 29 young (118784K), 1 survivors (4096K)
 Metaspace       used 122990K, committed 125376K, reserved 1179648K
  class space    used 17450K, committed 18624K, reserved 1048576K
}
Event: 71.979 GC heap after
{Heap after GC invocations=62 (full 0):
 garbage-first heap   total 319488K, used 179423K [0x0000000600000000, 0x0000000800000000)
  region size 4096K, 4 young (16384K), 4 survivors (16384K)
 Metaspace       used 122990K, committed 125376K, reserved 1179648K
  class space    used 17450K, committed 18624K, reserved 1048576K
}
Event: 73.423 GC heap before
{Heap before GC invocations=62 (full 0):
 garbage-first heap   total 319488K, used 273631K [0x0000000600000000, 0x0000000800000000)
  region size 4096K, 28 young (114688K), 4 survivors (16384K)
 Metaspace       used 123332K, committed 125696K, reserved 1179648K
  class space    used 17486K, committed 18624K, reserved 1048576K
}
Event: 73.441 GC heap after
{Heap after GC invocations=63 (full 0):
 garbage-first heap   total 319488K, used 191220K [0x0000000600000000, 0x0000000800000000)
  region size 4096K, 4 young (16384K), 4 survivors (16384K)
 Metaspace       used 123332K, committed 125696K, reserved 1179648K
  class space    used 17486K, committed 18624K, reserved 1048576K
}
Event: 77.371 GC heap before
{Heap before GC invocations=63 (full 0):
 garbage-first heap   total 319488K, used 277236K [0x0000000600000000, 0x0000000800000000)
  region size 4096K, 25 young (102400K), 4 survivors (16384K)
 Metaspace       used 124941K, committed 127424K, reserved 1179648K
  class space    used 17729K, committed 18944K, reserved 1048576K
}
Event: 77.387 GC heap after
{Heap after GC invocations=64 (full 0):
 garbage-first heap   total 319488K, used 197198K [0x0000000600000000, 0x0000000800000000)
  region size 4096K, 2 young (8192K), 2 survivors (8192K)
 Metaspace       used 124941K, committed 127424K, reserved 1179648K
  class space    used 17729K, committed 18944K, reserved 1048576K
}

